{
  "RSpec": {
    "coverage": {
      "/Users/luis.d/code/github/pleme-io/pangea-datadog/lib/pangea-datadog.rb": {
        "lines": [
          null,
          null,
          null,
          1,
          1,
          null,
          null,
          1,
          null,
          null,
          1,
          1,
          1,
          1,
          1,
          1,
          1,
          1,
          1,
          1,
          null,
          null,
          1
        ]
      },
      "/Users/luis.d/code/github/pleme-io/pangea-datadog/lib/pangea/types/datadog_types.rb": {
        "lines": [
          null,
          null,
          1,
          1,
          null,
          1,
          1,
          1,
          null,
          null,
          null,
          1,
          1,
          null,
          1,
          null,
          null,
          1,
          null,
          null,
          null,
          null,
          null,
          null,
          null,
          null,
          null,
          1,
          null,
          null,
          null,
          null,
          1,
          null,
          null,
          null,
          null,
          1,
          null,
          null,
          null,
          null,
          1,
          null,
          null,
          null,
          null,
          1,
          null,
          null,
          null,
          null,
          1,
          null,
          null,
          null,
          null,
          1,
          null,
          null,
          null,
          null,
          1,
          null,
          null,
          null,
          null,
          null,
          null,
          null,
          null,
          null,
          null
        ]
      },
      "/Users/luis.d/code/github/pleme-io/pangea-datadog/lib/pangea/resources/datadog_monitor/resource.rb": {
        "lines": [
          null,
          null,
          null,
          1,
          1,
          1,
          1,
          null,
          1,
          1,
          1,
          null,
          1,
          null,
          null,
          null,
          null,
          null,
          null,
          1,
          1,
          null,
          null,
          1
        ]
      },
      "/Users/luis.d/code/github/pleme-io/pangea-datadog/lib/pangea/resources/datadog_monitor/types.rb": {
        "lines": [
          null,
          null,
          null,
          1,
          1,
          null,
          1,
          1,
          1,
          1,
          null,
          1,
          1,
          1,
          1,
          1,
          1,
          1,
          1,
          1,
          1,
          1,
          1,
          1,
          1,
          1,
          1,
          1,
          null,
          null
        ]
      },
      "/Users/luis.d/code/github/pleme-io/pangea-datadog/lib/pangea/resources/datadog_dashboard/resource.rb": {
        "lines": [
          null,
          null,
          null,
          1,
          1,
          1,
          1,
          null,
          1,
          1,
          1,
          null,
          1,
          null,
          null,
          null,
          null,
          null,
          null,
          1,
          1,
          null,
          null,
          1
        ]
      },
      "/Users/luis.d/code/github/pleme-io/pangea-datadog/lib/pangea/resources/datadog_dashboard/types.rb": {
        "lines": [
          null,
          null,
          null,
          1,
          1,
          null,
          1,
          1,
          1,
          1,
          null,
          1,
          1,
          1,
          1,
          1,
          1,
          1,
          1,
          1,
          null,
          null
        ]
      },
      "/Users/luis.d/code/github/pleme-io/pangea-datadog/lib/pangea/resources/datadog_dashboard_json/resource.rb": {
        "lines": [
          null,
          null,
          null,
          1,
          1,
          1,
          1,
          null,
          1,
          1,
          1,
          null,
          1,
          null,
          null,
          null,
          null,
          null,
          null,
          1,
          1,
          null,
          null,
          1
        ]
      },
      "/Users/luis.d/code/github/pleme-io/pangea-datadog/lib/pangea/resources/datadog_dashboard_json/types.rb": {
        "lines": [
          null,
          null,
          null,
          1,
          1,
          null,
          1,
          1,
          1,
          1,
          null,
          1,
          null,
          null
        ]
      },
      "/Users/luis.d/code/github/pleme-io/pangea-datadog/lib/pangea/resources/datadog_synthetics_test/resource.rb": {
        "lines": [
          null,
          null,
          null,
          1,
          1,
          1,
          1,
          null,
          1,
          1,
          1,
          null,
          1,
          null,
          null,
          null,
          null,
          null,
          null,
          1,
          1,
          null,
          null,
          1
        ]
      },
      "/Users/luis.d/code/github/pleme-io/pangea-datadog/lib/pangea/resources/datadog_synthetics_test/types.rb": {
        "lines": [
          null,
          null,
          null,
          1,
          1,
          null,
          1,
          1,
          1,
          1,
          null,
          1,
          1,
          1,
          1,
          1,
          1,
          1,
          1,
          1,
          null,
          null
        ]
      },
      "/Users/luis.d/code/github/pleme-io/pangea-datadog/lib/pangea/resources/datadog_service_level_objective/resource.rb": {
        "lines": [
          null,
          null,
          null,
          1,
          1,
          1,
          1,
          null,
          1,
          1,
          1,
          null,
          1,
          null,
          null,
          null,
          null,
          null,
          null,
          1,
          1,
          null,
          null,
          1
        ]
      },
      "/Users/luis.d/code/github/pleme-io/pangea-datadog/lib/pangea/resources/datadog_service_level_objective/types.rb": {
        "lines": [
          null,
          null,
          null,
          1,
          1,
          null,
          1,
          1,
          1,
          1,
          null,
          1,
          1,
          1,
          1,
          1,
          1,
          1,
          1,
          1,
          1,
          1,
          null,
          null
        ]
      },
      "/Users/luis.d/code/github/pleme-io/pangea-datadog/lib/pangea/resources/datadog_logs_index/resource.rb": {
        "lines": [
          null,
          null,
          null,
          1,
          1,
          1,
          1,
          null,
          1,
          1,
          1,
          null,
          1,
          null,
          null,
          null,
          null,
          null,
          null,
          1,
          1,
          null,
          null,
          1
        ]
      },
      "/Users/luis.d/code/github/pleme-io/pangea-datadog/lib/pangea/resources/datadog_logs_index/types.rb": {
        "lines": [
          null,
          null,
          null,
          1,
          1,
          null,
          1,
          1,
          1,
          1,
          null,
          1,
          1,
          1,
          1,
          1,
          1,
          1,
          1,
          null,
          null
        ]
      },
      "/Users/luis.d/code/github/pleme-io/pangea-datadog/lib/pangea/resources/datadog_logs_pipeline/resource.rb": {
        "lines": [
          null,
          null,
          null,
          1,
          1,
          1,
          1,
          null,
          1,
          1,
          1,
          null,
          1,
          null,
          null,
          null,
          null,
          null,
          null,
          1,
          1,
          null,
          null,
          1
        ]
      },
      "/Users/luis.d/code/github/pleme-io/pangea-datadog/lib/pangea/resources/datadog_logs_pipeline/types.rb": {
        "lines": [
          null,
          null,
          null,
          1,
          1,
          null,
          1,
          1,
          1,
          1,
          null,
          1,
          1,
          1,
          1,
          null,
          null
        ]
      },
      "/Users/luis.d/code/github/pleme-io/pangea-datadog/lib/pangea/resources/datadog_logs_metric/resource.rb": {
        "lines": [
          null,
          null,
          null,
          1,
          1,
          1,
          1,
          null,
          1,
          1,
          1,
          null,
          1,
          null,
          null,
          null,
          null,
          null,
          null,
          1,
          1,
          null,
          null,
          1
        ]
      },
      "/Users/luis.d/code/github/pleme-io/pangea-datadog/lib/pangea/resources/datadog_logs_metric/types.rb": {
        "lines": [
          null,
          null,
          null,
          1,
          1,
          null,
          1,
          1,
          1,
          1,
          null,
          1,
          1,
          1,
          1,
          null,
          null
        ]
      },
      "/Users/luis.d/code/github/pleme-io/pangea-datadog/lib/pangea/resources/datadog_apm_retention_filter/resource.rb": {
        "lines": [
          null,
          null,
          null,
          1,
          1,
          1,
          1,
          null,
          1,
          1,
          1,
          null,
          1,
          null,
          null,
          null,
          null,
          null,
          null,
          1,
          1,
          null,
          null,
          1
        ]
      },
      "/Users/luis.d/code/github/pleme-io/pangea-datadog/lib/pangea/resources/datadog_apm_retention_filter/types.rb": {
        "lines": [
          null,
          null,
          null,
          1,
          1,
          null,
          1,
          1,
          1,
          1,
          null,
          1,
          1,
          1,
          1,
          1,
          null,
          null
        ]
      },
      "/Users/luis.d/code/github/pleme-io/pangea-datadog/lib/pangea/resources/datadog_integration_aws/resource.rb": {
        "lines": [
          null,
          null,
          null,
          1,
          1,
          1,
          1,
          null,
          1,
          1,
          1,
          null,
          1,
          null,
          null,
          null,
          null,
          null,
          null,
          1,
          1,
          null,
          null,
          1
        ]
      },
      "/Users/luis.d/code/github/pleme-io/pangea-datadog/lib/pangea/resources/datadog_integration_aws/types.rb": {
        "lines": [
          null,
          null,
          null,
          1,
          1,
          null,
          1,
          1,
          1,
          1,
          null,
          1,
          1,
          1,
          1,
          1,
          1,
          1,
          1,
          1,
          1,
          1,
          null,
          null
        ]
      },
      "/Users/luis.d/code/github/pleme-io/pangea-datadog/lib/pangea/resources/datadog.rb": {
        "lines": [
          null,
          null,
          null,
          1,
          1,
          1,
          1,
          1,
          1,
          1,
          1,
          1,
          1,
          1,
          1,
          1,
          null,
          null,
          null
        ]
      },
      "/Users/luis.d/code/github/pleme-io/pangea-datadog/lib/pangea-datadog/version.rb": {
        "lines": [
          null,
          null,
          0,
          0,
          0
        ],
        "branches": {
        }
      }
    },
    "timestamp": 1774408566
  }
}
